Arguments: 
  C:\Program Files\nodejs\node.exe C:\Users\ravin\AppData\Roaming\npm\node_modules\yarn\bin\yarn.js add express cors nodemon mssql morgan dotenv chai mocha todious -D

PATH: 
  C:\Program Files (x86)\Common Files\Oracle\Java\javapath;C:\Program Files\Microsoft MPI\Bin\;C:\ProgramData\Oracle\Java\javapath;C:\WINDOWS\system32;C:\WINDOWS;C:\WINDOWS\System32\Wbem;C:\WINDOWS\System32\WindowsPowerShell\v1.0\;C:\WINDOWS\System32\OpenSSH\;C:\Program Files\TortoiseSVN\bin;D:\PhpProjects\xampp\php;C:\ProgramData\ComposerSetup\bin;C:\Program Files\Git\cmd;C:\Program Files\dotnet\;C:\Program Files\Microsoft SQL Server\130\Tools\Binn\;C:\Program Files\Microsoft SQL Server\Client SDK\ODBC\170\Tools\Binn\;C:\Program Files (x86)\Microsoft SQL Server\150\Tools\Binn\;C:\Program Files\Microsoft SQL Server\150\Tools\Binn\;C:\Program Files (x86)\Microsoft SQL Server\150\DTS\Binn\;C:\Program Files\Microsoft SQL Server\150\DTS\Binn\;C:\Program Files\nodejs\;C:\ProgramData\chocolatey\bin;C:\Users\ravin\anaconda3;C:\Users\ravin\anaconda3\Library\mingw-w64\bin;C:\Users\ravin\anaconda3\Library\usr\bin;C:\Users\ravin\anaconda3\Library\bin;C:\Users\ravin\anaconda3\Scripts;C:\Users\ravin\AppData\Local\Microsoft\WindowsApps;C:\Users\ravin\AppData\Local\Programs\Microsoft VS Code\bin;C:\Program Files\JetBrains\PyCharm Community Edition 2019.2.4\bin;;C:\Users\ravin\AppData\Local\JetBrains\PyCharm 2020.3.3\bin;;C:\Users\ravin\AppData\Roaming\Composer\vendor\bin;C:\Users\ravin\.dotnet\tools;C:\Users\ravin\AppData\Roaming\npm;C:\Program Files\MongoDB\Server\4.4\bin;

Yarn version: 
  1.22.17

Node version: 
  16.6.2

Platform: 
  win32 x64

Trace: 
  Error: https://registry.yarnpkg.com/todious: Not found
      at Request.params.callback [as _callback] (C:\Users\ravin\AppData\Roaming\npm\node_modules\yarn\lib\cli.js:67029:18)
      at Request.self.callback (C:\Users\ravin\AppData\Roaming\npm\node_modules\yarn\lib\cli.js:140883:22)
      at Request.emit (node:events:394:28)
      at Request.<anonymous> (C:\Users\ravin\AppData\Roaming\npm\node_modules\yarn\lib\cli.js:141855:10)
      at Request.emit (node:events:394:28)
      at IncomingMessage.<anonymous> (C:\Users\ravin\AppData\Roaming\npm\node_modules\yarn\lib\cli.js:141777:12)
      at Object.onceWrapper (node:events:513:28)
      at IncomingMessage.emit (node:events:406:35)
      at endReadableNT (node:internal/streams/readable:1331:12)
      at processTicksAndRejections (node:internal/process/task_queues:83:21)

npm manifest: 
  {
    "name": "nodeapi",
    "version": "1.0.0",
    "description": "",
    "main": "index.js",
    "scripts": {
      "test": "echo \"Error: no test specified\" && exit 1"
    },
    "keywords": [],
    "author": "",
    "license": "ISC"
  }

yarn manifest: 
  No manifest

Lockfile: 
  No lockfile
